<?xml version="1.0" encoding="UTF-8"?>
<!-- Generated by org.testng.reporters.JUnitXMLReporter -->
<testsuite hostname="LAPTOP-ONN9BJTF" name="KiwisaverRetirementcaltests" tests="6" failures="0" timestamp="9 May 2019 10:12:15 GMT" time="62.76" errors="0">
  <testcase name="kiwibalCriteriaOne" time="1.758" classname="com.kiwi.qa.test.Kiwisaverprojectedbalancetests"/>
  <testcase name="kiwibalCriteriaTwo" time="1.629" classname="com.kiwi.qa.test.Kiwisaverprojectedbalancetests"/>
  <testcase name="kiwibalCriteriaThree" time="2.364" classname="com.kiwi.qa.test.Kiwisaverprojectedbalancetests"/>
  <testcase name="kiwi" time="0.393" classname="com.kiwi.qa.test.KiwisaverRetirementcaltests"/>
  <testcase name="testverify" time="0.536" classname="com.kiwi.qa.test.KiwisaverRetirementcaltests"/>
  <testcase name="Nav" time="6.206" classname="com.kiwi.qa.test.KiwisaverNavigationtests"/>
</testsuite> <!-- KiwisaverRetirementcaltests -->
